<?xml version="1.0" encoding="UTF-8"?>
<!-- Generated by org.testng.reporters.JUnitXMLReporter -->
<testsuite ignored="0" hostname="DESKTOP-52INU0K" failures="0" tests="3" name="Test" time="28.833" errors="0" timestamp="2024-03-21T20:23:55 GMT-07:00">
  <testcase classname="ecommerce.LaunchMeesho_Test" name="meesho" time="11.458"/>
  <testcase classname="ecommerce.LaunchFlipkart_Test" name="flipkart" time="6.727"/>
  <testcase classname="ecommerce.LaunchAmazon_Test" name="amazon" time="10.577"/>
</testsuite> <!-- Test -->
